Compiling build :app to "public/js/app.js" from ["src" "env/dev/cljs"]...
[32mSuccessfully compiled build :app to "public/js/app.js" in 0.6 seconds.[0m
notifying browser that file changed:  public/js/out/goog/deps.js
notifying browser that file changed:  public/js/out/cljs_deps.js
notifying browser that file changed:  public/js/out/crud/core.js
Compiling build :app to "public/js/app.js" from ["src" "env/dev/cljs"]...
[31mFailed to compile build :app from ["src" "env/dev/cljs"] in 0.375 seconds.[0m
[36m----  Exception    ----[0m

  [1mAssert failed: file:/home/vladimir/Documents/Work/HS_admission_task/crud/src/cljs/ui.cljs does not provide a namespace
(first provides)[0m

[36m----  Exception Stack Trace  ----[0m

java.lang.AssertionError: Assert failed: file:/home/vladimir/Documents/Work/HS_admission_task/crud/src/cljs/ui.cljs does not provide a namespace
(first provides)
 at cljs.closure$javascript_file.invokeStatic (closure.clj:509)
    cljs.closure$javascript_file.invoke (closure.clj:505)
    cljs.closure$map__GT_javascript_file.invokeStatic (closure.clj:514)
    cljs.closure$map__GT_javascript_file.invoke (closure.clj:512)
    cljs.closure$compiled_file.invokeStatic (closure.clj:601)
    cljs.closure$compiled_file.invoke (closure.clj:593)
    cljs.closure$compile_file.invokeStatic (closure.clj:663)
    cljs.closure$compile_file.invoke (closure.clj:641)
    cljs.closure$fn__5400.invokeStatic (closure.clj:737)
    cljs.closure/fn (closure.clj:731)
    cljs.closure$fn__5313$G__5306__5320.invoke (closure.clj:559)
    cljs.closure$compile_sources$iter__5526__5530$fn__5531.invoke (closure.clj:1107)
    clojure.lang.LazySeq.sval (LazySeq.java:42)
    clojure.lang.LazySeq.seq (LazySeq.java:51)
    clojure.lang.Cons.next (Cons.java:39)
    clojure.lang.RT.next (RT.java:713)
    clojure.core$next__5386.invokeStatic (core.clj:64)
    clojure.core$dorun.invokeStatic (core.clj:3142)
    clojure.core$doall.invokeStatic (core.clj:3148)
    clojure.core$doall.invoke (core.clj:3148)
    cljs.closure$compile_sources.invokeStatic (closure.clj:1103)
    cljs.closure$compile_sources.invoke (closure.clj:1092)
    cljs.closure$build.invokeStatic (closure.clj:3132)
    cljs.closure$build.invoke (closure.clj:3040)
    cljs.build.api$build.invokeStatic (api.clj:227)
    cljs.build.api$build.invoke (api.clj:210)
    figwheel_sidecar.components.cljs_autobuild$cljs_build.invokeStatic (cljs_autobuild.clj:28)
    figwheel_sidecar.components.cljs_autobuild$cljs_build.invoke (cljs_autobuild.clj:27)
    figwheel_sidecar.build_middleware.injection$hook$fn__20186.invoke (injection.clj:100)
    figwheel_sidecar.components.cljs_autobuild$notify_command_hook$fn__20509.invoke (cljs_autobuild.clj:69)
    figwheel_sidecar.components.cljs_autobuild$figwheel_start_and_end_messages$fn__20499.invoke (cljs_autobuild.clj:48)
    figwheel_sidecar.build_middleware.notifications$hook$fn__20367.invoke (notifications.clj:179)
    figwheel_sidecar.build_middleware.clj_reloading$hook$fn__20424.invoke (clj_reloading.clj:111)
    figwheel_sidecar.build_middleware.javascript_reloading$hook$fn__20458.invoke (javascript_reloading.clj:48)
    figwheel_sidecar.components.cljs_autobuild$color_output$fn__20513.invoke (cljs_autobuild.clj:80)
    figwheel_sidecar.components.cljs_autobuild$execute_build$fn__20555.invoke (cljs_autobuild.clj:234)
    figwheel_sidecar.utils$sync_exec$fn__524$fn__525.invoke (utils.clj:13)
    figwheel_sidecar.utils$sync_exec$fn__524.invoke (utils.clj:12)
    clojure.core$binding_conveyor_fn$fn__5754.invoke (core.clj:2033)
    clojure.lang.AFn.applyToHelper (AFn.java:154)
    clojure.lang.RestFn.applyTo (RestFn.java:132)
    clojure.lang.Agent$Action.doRun (Agent.java:114)
    clojure.lang.Agent$Action.run (Agent.java:163)
    java.util.concurrent.ThreadPoolExecutor.runWorker (ThreadPoolExecutor.java:1128)
    java.util.concurrent.ThreadPoolExecutor$Worker.run (ThreadPoolExecutor.java:628)
    java.lang.Thread.run (Thread.java:834)

Compiling build :app to "public/js/app.js" from ["src" "env/dev/cljs"]...
[31mFailed to compile build :app from ["src" "env/dev/cljs"] in 0.314 seconds.[0m
[36m----  Exception    ----[0m

  [1mAssert failed: file:/home/vladimir/Documents/Work/HS_admission_task/crud/src/cljs/crud/ui.cljs does not provide a namespace
(first provides)[0m

[36m----  Exception Stack Trace  ----[0m

java.lang.AssertionError: Assert failed: file:/home/vladimir/Documents/Work/HS_admission_task/crud/src/cljs/crud/ui.cljs does not provide a namespace
(first provides)
 at cljs.closure$javascript_file.invokeStatic (closure.clj:509)
    cljs.closure$javascript_file.invoke (closure.clj:505)
    cljs.closure$map__GT_javascript_file.invokeStatic (closure.clj:514)
    cljs.closure$map__GT_javascript_file.invoke (closure.clj:512)
    cljs.closure$compiled_file.invokeStatic (closure.clj:601)
    cljs.closure$compiled_file.invoke (closure.clj:593)
    cljs.closure$compile_file.invokeStatic (closure.clj:663)
    cljs.closure$compile_file.invoke (closure.clj:641)
    cljs.closure$fn__5400.invokeStatic (closure.clj:737)
    cljs.closure/fn (closure.clj:731)
    cljs.closure$fn__5313$G__5306__5320.invoke (closure.clj:559)
    cljs.closure$compile_sources$iter__5526__5530$fn__5531.invoke (closure.clj:1107)
    clojure.lang.LazySeq.sval (LazySeq.java:42)
    clojure.lang.LazySeq.seq (LazySeq.java:51)
    clojure.lang.Cons.next (Cons.java:39)
    clojure.lang.RT.next (RT.java:713)
    clojure.core$next__5386.invokeStatic (core.clj:64)
    clojure.core$dorun.invokeStatic (core.clj:3142)
    clojure.core$doall.invokeStatic (core.clj:3148)
    clojure.core$doall.invoke (core.clj:3148)
    cljs.closure$compile_sources.invokeStatic (closure.clj:1103)
    cljs.closure$compile_sources.invoke (closure.clj:1092)
    cljs.closure$build.invokeStatic (closure.clj:3132)
    cljs.closure$build.invoke (closure.clj:3040)
    cljs.build.api$build.invokeStatic (api.clj:227)
    cljs.build.api$build.invoke (api.clj:210)
    figwheel_sidecar.components.cljs_autobuild$cljs_build.invokeStatic (cljs_autobuild.clj:28)
    figwheel_sidecar.components.cljs_autobuild$cljs_build.invoke (cljs_autobuild.clj:27)
    figwheel_sidecar.build_middleware.injection$hook$fn__20186.invoke (injection.clj:100)
    figwheel_sidecar.components.cljs_autobuild$notify_command_hook$fn__20509.invoke (cljs_autobuild.clj:69)
    figwheel_sidecar.components.cljs_autobuild$figwheel_start_and_end_messages$fn__20499.invoke (cljs_autobuild.clj:48)
    figwheel_sidecar.build_middleware.notifications$hook$fn__20367.invoke (notifications.clj:179)
    figwheel_sidecar.build_middleware.clj_reloading$hook$fn__20424.invoke (clj_reloading.clj:111)
    figwheel_sidecar.build_middleware.javascript_reloading$hook$fn__20458.invoke (javascript_reloading.clj:48)
    figwheel_sidecar.components.cljs_autobuild$color_output$fn__20513.invoke (cljs_autobuild.clj:80)
    figwheel_sidecar.components.cljs_autobuild$execute_build$fn__20555.invoke (cljs_autobuild.clj:234)
    figwheel_sidecar.utils$sync_exec$fn__524$fn__525.invoke (utils.clj:13)
    figwheel_sidecar.utils$sync_exec$fn__524.invoke (utils.clj:12)
    clojure.core$binding_conveyor_fn$fn__5754.invoke (core.clj:2033)
    clojure.lang.AFn.applyToHelper (AFn.java:154)
    clojure.lang.RestFn.applyTo (RestFn.java:132)
    clojure.lang.Agent$Action.doRun (Agent.java:114)
    clojure.lang.Agent$Action.run (Agent.java:163)
    java.util.concurrent.ThreadPoolExecutor.runWorker (ThreadPoolExecutor.java:1128)
    java.util.concurrent.ThreadPoolExecutor$Worker.run (ThreadPoolExecutor.java:628)
    java.lang.Thread.run (Thread.java:834)

Compiling build :app to "public/js/app.js" from ["src" "env/dev/cljs"]...
[32mSuccessfully compiled build :app to "public/js/app.js" in 0.53 seconds.[0m
notifying browser that file changed:  public/js/out/cljs_deps.js
notifying browser that file changed:  public/js/out/crud/ui.js
Compiling build :app to "public/js/app.js" from ["src" "env/dev/cljs"]...
[31mFailed to compile build :app from ["src" "env/dev/cljs"] in 0.325 seconds.[0m
[36m----  Could not Compile  src/cljs/crud/ui.cljs  ----[0m

  [1mfailed compiling file:src/cljs/crud/ui.cljs[0m

[36m----  Compiler Error : Please see src/cljs/crud/ui.cljs  ----[0m
Compiling build :app to "public/js/app.js" from ["src" "env/dev/cljs"]...
[31mFailed to compile build :app from ["src" "env/dev/cljs"] in 0.315 seconds.[0m
[36m----  Could not Compile  src/cljs/crud/ui.cljs  ----[0m

  [1mfailed compiling file:src/cljs/crud/ui.cljs[0m

[36m----  Compiler Error : Please see src/cljs/crud/ui.cljs  ----[0m
Compiling build :app to "public/js/app.js" from ["src" "env/dev/cljs"]...
[31mFailed to compile build :app from ["src" "env/dev/cljs"] in 0.172 seconds.[0m
[36m----  Could not Read  src/cljs/crud/ui.cljs   line:4 ----[0m

  [1m/home/vladimir/Documents/Work/HS_admission_task/crud/src/cljs/crud/ui.cljs [line 4, col 24] Unmatched delimiter ).[0m

  [36m2[0m  [36m  (:require[0m
  [36m3[0m  [36m    [reagent.core :as r][0m
  [33m4[0m  [1m    [reagent.dom :as d))[0m
  [0m [0m  [33m    /home/vladimir/Documents/Work/HS_admission_task/crud/src/cljs/crud/ui.cljs [line 4, col 24] Unmatched delimiter ).[0m
  [36m5[0m  [36m[0m
  [36m6[0m  [36m(defn main-page[0m
  [36m7[0m  [36m  [:h1 "Welcome"][0m

[36m----  Reader Error : Please see src/cljs/crud/ui.cljs  ----[0m
Compiling build :app to "public/js/app.js" from ["src" "env/dev/cljs"]...
[31mFailed to compile build :app from ["src" "env/dev/cljs"] in 0.352 seconds.[0m
[36m----  Could not Compile  src/cljs/crud/ui.cljs  ----[0m

  [1mfailed compiling file:src/cljs/crud/ui.cljs[0m

[36m----  Compiler Error : Please see src/cljs/crud/ui.cljs  ----[0m
Compiling build :app to "public/js/app.js" from ["src" "env/dev/cljs"]...
[31mFailed to compile build :app from ["src" "env/dev/cljs"] in 0.371 seconds.[0m
[36m----  Could not Compile  src/cljs/crud/core.cljs  ----[0m

  [1mfailed compiling file:src/cljs/crud/core.cljs[0m

[36m----  Compiler Error : Please see src/cljs/crud/core.cljs  ----[0m
Compiling build :app to "public/js/app.js" from ["src" "env/dev/cljs"]...
[31mFailed to compile build :app from ["src" "env/dev/cljs"] in 0.377 seconds.[0m
[36m----  Could not Compile  src/cljs/crud/core.cljs  ----[0m

  [1mfailed compiling file:src/cljs/crud/core.cljs[0m

[36m----  Compiler Error : Please see src/cljs/crud/core.cljs  ----[0m
Compiling build :app to "public/js/app.js" from ["src" "env/dev/cljs"]...
[31mFailed to compile build :app from ["src" "env/dev/cljs"] in 0.352 seconds.[0m
[36m----  Could not Compile  src/cljs/crud/core.cljs  ----[0m

  [1mfailed compiling file:src/cljs/crud/core.cljs[0m

[36m----  Compiler Error : Please see src/cljs/crud/core.cljs  ----[0m
Compiling build :app to "public/js/app.js" from ["src" "env/dev/cljs"]...
[31mFailed to compile build :app from ["src" "env/dev/cljs"] in 0.35 seconds.[0m
[36m----  Could not Compile  src/cljs/crud/core.cljs  ----[0m

  [1mfailed compiling file:src/cljs/crud/core.cljs[0m

[36m----  Compiler Error : Please see src/cljs/crud/core.cljs  ----[0m
Compiling build :app to "public/js/app.js" from ["src" "env/dev/cljs"]...
[32mSuccessfully compiled build :app to "public/js/app.js" in 0.604 seconds.[0m
notifying browser that file changed:  public/js/out/goog/deps.js
notifying browser that file changed:  public/js/out/cljs_deps.js
notifying browser that file changed:  public/js/out/crud/core.js
Compiling build :app to "public/js/app.js" from ["src" "env/dev/cljs"]...
[32mSuccessfully compiled build :app to "public/js/app.js" in 0.533 seconds.[0m
notifying browser that file changed:  public/js/out/crud/core.js
Compiling build :app to "public/js/app.js" from ["src" "env/dev/cljs"]...
[31mFailed to compile build :app from ["src" "env/dev/cljs"] in 0.328 seconds.[0m
[36m----  Exception    ----[0m

  [1mAssert failed: file:/home/vladimir/Documents/Work/HS_admission_task/crud/src/cljs/crud/ui.cljs does not provide a namespace
(first provides)[0m

[36m----  Exception Stack Trace  ----[0m

java.lang.AssertionError: Assert failed: file:/home/vladimir/Documents/Work/HS_admission_task/crud/src/cljs/crud/ui.cljs does not provide a namespace
(first provides)
 at cljs.closure$javascript_file.invokeStatic (closure.clj:509)
    cljs.closure$javascript_file.invoke (closure.clj:505)
    cljs.closure$map__GT_javascript_file.invokeStatic (closure.clj:514)
    cljs.closure$map__GT_javascript_file.invoke (closure.clj:512)
    cljs.closure$compiled_file.invokeStatic (closure.clj:601)
    cljs.closure$compiled_file.invoke (closure.clj:593)
    cljs.closure$compile_file.invokeStatic (closure.clj:663)
    cljs.closure$compile_file.invoke (closure.clj:641)
    cljs.closure$fn__5400.invokeStatic (closure.clj:737)
    cljs.closure/fn (closure.clj:731)
    cljs.closure$fn__5313$G__5306__5320.invoke (closure.clj:559)
    cljs.closure$compile_sources$iter__5526__5530$fn__5531.invoke (closure.clj:1107)
    clojure.lang.LazySeq.sval (LazySeq.java:42)
    clojure.lang.LazySeq.seq (LazySeq.java:51)
    clojure.lang.Cons.next (Cons.java:39)
    clojure.lang.RT.next (RT.java:713)
    clojure.core$next__5386.invokeStatic (core.clj:64)
    clojure.core$dorun.invokeStatic (core.clj:3142)
    clojure.core$doall.invokeStatic (core.clj:3148)
    clojure.core$doall.invoke (core.clj:3148)
    cljs.closure$compile_sources.invokeStatic (closure.clj:1103)
    cljs.closure$compile_sources.invoke (closure.clj:1092)
    cljs.closure$build.invokeStatic (closure.clj:3132)
    cljs.closure$build.invoke (closure.clj:3040)
    cljs.build.api$build.invokeStatic (api.clj:227)
    cljs.build.api$build.invoke (api.clj:210)
    figwheel_sidecar.components.cljs_autobuild$cljs_build.invokeStatic (cljs_autobuild.clj:28)
    figwheel_sidecar.components.cljs_autobuild$cljs_build.invoke (cljs_autobuild.clj:27)
    figwheel_sidecar.build_middleware.injection$hook$fn__20186.invoke (injection.clj:100)
    figwheel_sidecar.components.cljs_autobuild$notify_command_hook$fn__20509.invoke (cljs_autobuild.clj:69)
    figwheel_sidecar.components.cljs_autobuild$figwheel_start_and_end_messages$fn__20499.invoke (cljs_autobuild.clj:48)
    figwheel_sidecar.build_middleware.notifications$hook$fn__20367.invoke (notifications.clj:179)
    figwheel_sidecar.build_middleware.clj_reloading$hook$fn__20424.invoke (clj_reloading.clj:111)
    figwheel_sidecar.build_middleware.javascript_reloading$hook$fn__20458.invoke (javascript_reloading.clj:48)
    figwheel_sidecar.components.cljs_autobuild$color_output$fn__20513.invoke (cljs_autobuild.clj:80)
    figwheel_sidecar.components.cljs_autobuild$execute_build$fn__20555.invoke (cljs_autobuild.clj:234)
    figwheel_sidecar.utils$sync_exec$fn__524$fn__525.invoke (utils.clj:13)
    figwheel_sidecar.utils$sync_exec$fn__524.invoke (utils.clj:12)
    clojure.core$binding_conveyor_fn$fn__5754.invoke (core.clj:2033)
    clojure.lang.AFn.applyToHelper (AFn.java:154)
    clojure.lang.RestFn.applyTo (RestFn.java:132)
    clojure.lang.Agent$Action.doRun (Agent.java:114)
    clojure.lang.Agent$Action.run (Agent.java:163)
    java.util.concurrent.ThreadPoolExecutor.runWorker (ThreadPoolExecutor.java:1128)
    java.util.concurrent.ThreadPoolExecutor$Worker.run (ThreadPoolExecutor.java:628)
    java.lang.Thread.run (Thread.java:834)

Compiling build :app to "public/js/app.js" from ["src" "env/dev/cljs"]...
[36m----  Compiler Warning on   src/cljs/crud/core.cljs   line:7  column:14  ----[0m

  [1mUse of undeclared Var crud.core/main-page[0m

  [36m 3[0m  [36m      [reagent.core :as r][0m
  [36m 4[0m  [36m      [reagent.dom :as d]))[0m
  [36m 5[0m  [36m[0m
  [36m 6[0m  [36m(defn mount-root [][0m
  [33m 7[0m  [1m  (d/render [main-page] (.getElementById js/document "app")))[0m
  [0m  [0m  [33m             ^--- Use of undeclared Var crud.core/main-page[0m
  [36m 8[0m  [36m[0m
  [36m 9[0m  [36m(defn init! [][0m
  [36m10[0m  [36m  (mount-root))[0m

[36m----  Compiler Warning : Please see src/cljs/crud/core.cljs  ----[0m
[32mSuccessfully compiled build :app to "public/js/app.js" in 0.651 seconds.[0m
notifying browser that file changed:  public/js/out/cljs_deps.js
notifying browser that file changed:  public/js/out/crud/core.js
Compiling build :app to "public/js/app.js" from ["src" "env/dev/cljs"]...
[32mSuccessfully compiled build :app to "public/js/app.js" in 0.541 seconds.[0m
notifying browser that file changed:  public/js/out/cljs_deps.js
notifying browser that file changed:  public/js/out/crud/core.js
notifying browser that file changed:  public/js/out/crud/ui.js
Compiling build :app to "public/js/app.js" from ["src" "env/dev/cljs"]...
[32mSuccessfully compiled build :app to "public/js/app.js" in 0.578 seconds.[0m
notifying browser that file changed:  public/js/out/crud/core.js
Notifying browser that CSS file changed: public/css/main.css
Compiling build :app to "public/js/app.js" from ["src" "env/dev/cljs"]...
[32mSuccessfully compiled build :app to "public/js/app.js" in 0.564 seconds.[0m
notifying browser that file changed:  public/js/out/crud/ui.js
Compiling build :app to "public/js/app.js" from ["src" "env/dev/cljs"]...
[32mSuccessfully compiled build :app to "public/js/app.js" in 0.544 seconds.[0m
notifying browser that file changed:  public/js/out/crud/ui.js
Compiling build :app to "public/js/app.js" from ["src" "env/dev/cljs"]...
[32mSuccessfully compiled build :app to "public/js/app.js" in 0.537 seconds.[0m
notifying browser that file changed:  public/js/out/crud/ui.js
Compiling build :app to "public/js/app.js" from ["src" "env/dev/cljs"]...
[32mSuccessfully compiled build :app to "public/js/app.js" in 0.512 seconds.[0m
notifying browser that file changed:  public/js/out/crud/ui.js
Compiling build :app to "public/js/app.js" from ["src" "env/dev/cljs"]...
[32mSuccessfully compiled build :app to "public/js/app.js" in 0.518 seconds.[0m
notifying browser that file changed:  public/js/out/crud/ui.js
Compiling build :app to "public/js/app.js" from ["src" "env/dev/cljs"]...
[32mSuccessfully compiled build :app to "public/js/app.js" in 0.521 seconds.[0m
notifying browser that file changed:  public/js/out/crud/ui.js
Compiling build :app to "public/js/app.js" from ["src" "env/dev/cljs"]...
[32mSuccessfully compiled build :app to "public/js/app.js" in 0.521 seconds.[0m
notifying browser that file changed:  public/js/out/crud/ui.js
Compiling build :app to "public/js/app.js" from ["src" "env/dev/cljs"]...
[32mSuccessfully compiled build :app to "public/js/app.js" in 0.501 seconds.[0m
notifying browser that file changed:  public/js/out/crud/ui.js
Compiling build :app to "public/js/app.js" from ["src" "env/dev/cljs"]...
[32mSuccessfully compiled build :app to "public/js/app.js" in 0.491 seconds.[0m
notifying browser that file changed:  public/js/out/crud/ui.js
Compiling build :app to "public/js/app.js" from ["src" "env/dev/cljs"]...
[32mSuccessfully compiled build :app to "public/js/app.js" in 0.488 seconds.[0m
notifying browser that file changed:  public/js/out/crud/ui.js
Compiling build :app to "public/js/app.js" from ["src" "env/dev/cljs"]...
[31mFailed to compile build :app from ["src" "env/dev/cljs"] in 0.317 seconds.[0m
[36m----  Exception    ----[0m

  [1mAssert failed: file:/home/vladimir/Documents/Work/HS_admission_task/crud/src/cljs/crud/router.cljs does not provide a namespace
(first provides)[0m

[36m----  Exception Stack Trace  ----[0m

java.lang.AssertionError: Assert failed: file:/home/vladimir/Documents/Work/HS_admission_task/crud/src/cljs/crud/router.cljs does not provide a namespace
(first provides)
 at cljs.closure$javascript_file.invokeStatic (closure.clj:509)
    cljs.closure$javascript_file.invoke (closure.clj:505)
    cljs.closure$map__GT_javascript_file.invokeStatic (closure.clj:514)
    cljs.closure$map__GT_javascript_file.invoke (closure.clj:512)
    cljs.closure$compiled_file.invokeStatic (closure.clj:601)
    cljs.closure$compiled_file.invoke (closure.clj:593)
    cljs.closure$compile_file.invokeStatic (closure.clj:663)
    cljs.closure$compile_file.invoke (closure.clj:641)
    cljs.closure$fn__5400.invokeStatic (closure.clj:737)
    cljs.closure/fn (closure.clj:731)
    cljs.closure$fn__5313$G__5306__5320.invoke (closure.clj:559)
    cljs.closure$compile_sources$iter__5526__5530$fn__5531.invoke (closure.clj:1107)
    clojure.lang.LazySeq.sval (LazySeq.java:42)
    clojure.lang.LazySeq.seq (LazySeq.java:51)
    clojure.lang.Cons.next (Cons.java:39)
    clojure.lang.RT.next (RT.java:713)
    clojure.core$next__5386.invokeStatic (core.clj:64)
    clojure.core$dorun.invokeStatic (core.clj:3142)
    clojure.core$doall.invokeStatic (core.clj:3148)
    clojure.core$doall.invoke (core.clj:3148)
    cljs.closure$compile_sources.invokeStatic (closure.clj:1103)
    cljs.closure$compile_sources.invoke (closure.clj:1092)
    cljs.closure$build.invokeStatic (closure.clj:3132)
    cljs.closure$build.invoke (closure.clj:3040)
    cljs.build.api$build.invokeStatic (api.clj:227)
    cljs.build.api$build.invoke (api.clj:210)
    figwheel_sidecar.components.cljs_autobuild$cljs_build.invokeStatic (cljs_autobuild.clj:28)
    figwheel_sidecar.components.cljs_autobuild$cljs_build.invoke (cljs_autobuild.clj:27)
    figwheel_sidecar.build_middleware.injection$hook$fn__20186.invoke (injection.clj:100)
    figwheel_sidecar.components.cljs_autobuild$notify_command_hook$fn__20509.invoke (cljs_autobuild.clj:69)
    figwheel_sidecar.components.cljs_autobuild$figwheel_start_and_end_messages$fn__20499.invoke (cljs_autobuild.clj:48)
    figwheel_sidecar.build_middleware.notifications$hook$fn__20367.invoke (notifications.clj:179)
    figwheel_sidecar.build_middleware.clj_reloading$hook$fn__20424.invoke (clj_reloading.clj:111)
    figwheel_sidecar.build_middleware.javascript_reloading$hook$fn__20458.invoke (javascript_reloading.clj:48)
    figwheel_sidecar.components.cljs_autobuild$color_output$fn__20513.invoke (cljs_autobuild.clj:80)
    figwheel_sidecar.components.cljs_autobuild$execute_build$fn__20555.invoke (cljs_autobuild.clj:234)
    figwheel_sidecar.utils$sync_exec$fn__524$fn__525.invoke (utils.clj:13)
    figwheel_sidecar.utils$sync_exec$fn__524.invoke (utils.clj:12)
    clojure.core$binding_conveyor_fn$fn__5754.invoke (core.clj:2033)
    clojure.lang.AFn.applyToHelper (AFn.java:154)
    clojure.lang.RestFn.applyTo (RestFn.java:132)
    clojure.lang.Agent$Action.doRun (Agent.java:114)
    clojure.lang.Agent$Action.run (Agent.java:163)
    java.util.concurrent.ThreadPoolExecutor.runWorker (ThreadPoolExecutor.java:1128)
    java.util.concurrent.ThreadPoolExecutor$Worker.run (ThreadPoolExecutor.java:628)
    java.lang.Thread.run (Thread.java:834)

Compiling build :app to "public/js/app.js" from ["src" "env/dev/cljs"]...
[32mSuccessfully compiled build :app to "public/js/app.js" in 2.026 seconds.[0m
notifying browser that file changed:  public/js/out/cljs_deps.js
notifying browser that file changed:  public/js/out/crud/router.js
Compiling build :app to "public/js/app.js" from ["src" "env/dev/cljs"]...
[32mSuccessfully compiled build :app to "public/js/app.js" in 0.514 seconds.[0m
notifying browser that file changed:  public/js/out/crud/router.js
Compiling build :app to "public/js/app.js" from ["src" "env/dev/cljs"]...
[32mSuccessfully compiled build :app to "public/js/app.js" in 0.535 seconds.[0m
notifying browser that file changed:  public/js/out/crud/router.js
Compiling build :app to "public/js/app.js" from ["src" "env/dev/cljs"]...
[32mSuccessfully compiled build :app to "public/js/app.js" in 0.577 seconds.[0m
notifying browser that file changed:  public/js/out/crud/router.js
Compiling build :app to "public/js/app.js" from ["src" "env/dev/cljs"]...
[32mSuccessfully compiled build :app to "public/js/app.js" in 0.54 seconds.[0m
notifying browser that file changed:  public/js/out/crud/router.js
Compiling build :app to "public/js/app.js" from ["src" "env/dev/cljs"]...
[36m----  Compiler Warning on   src/cljs/crud/core.cljs   line:12  column:4  ----[0m

  [1mUse of undeclared Var crud.core/router[0m

  [36m 8[0m  [36m(defn mount-root [][0m
  [36m 9[0m  [36m  (d/render [ui/main-page] (.getElementById js/document "app")))[0m
  [36m10[0m  [36m[0m
  [36m11[0m  [36m(defn init! [][0m
  [33m12[0m  [1m  (router)[0m
  [0m  [0m  [33m   ^--- Use of undeclared Var crud.core/router[0m
  [36m13[0m  [36m  (mount-root))[0m

[36m----  Compiler Warning : Please see src/cljs/crud/core.cljs  ----[0m
[32mSuccessfully compiled build :app to "public/js/app.js" in 0.576 seconds.[0m
notifying browser that file changed:  public/js/out/cljs_deps.js
notifying browser that file changed:  public/js/out/crud/core.js
Compiling build :app to "public/js/app.js" from ["src" "env/dev/cljs"]...
[32mSuccessfully compiled build :app to "public/js/app.js" in 0.541 seconds.[0m
notifying browser that file changed:  public/js/out/crud/core.js
Compiling build :app to "public/js/app.js" from ["src" "env/dev/cljs"]...
[32mSuccessfully compiled build :app to "public/js/app.js" in 0.556 seconds.[0m
notifying browser that file changed:  public/js/out/cljs_deps.js
notifying browser that file changed:  public/js/out/crud/router.js
Compiling build :app to "public/js/app.js" from ["src" "env/dev/cljs"]...
[32mSuccessfully compiled build :app to "public/js/app.js" in 0.54 seconds.[0m
notifying browser that file changed:  public/js/out/crud/router.js
Compiling build :app to "public/js/app.js" from ["src" "env/dev/cljs"]...
[31mFailed to compile build :app from ["src" "env/dev/cljs"] in 0.357 seconds.[0m
[36m----  Could not Read  src/cljs/crud/ui.cljs   line:38 ----[0m

  [1m/home/vladimir/Documents/Work/HS_admission_task/crud/src/cljs/crud/ui.cljs [line 38, col 24] Unmatched delimiter ].[0m

  [36m36[0m  [36m      :name "gender"[0m
  [36m37[0m  [36m      :value "F"[0m
  [33m38[0m  [1m      }] "Female"]]][0m
  [0m  [0m  [33m      /home/vladimir/Documents/Work/HS_admission_task/crud/src/cljs/crud/ui.cljs [line 38, col 24] Unmatched delimiter ].[0m
  [36m39[0m  [36m[:p "Date of birth: "[0m
  [36m40[0m  [36m [:input[0m
  [36m41[0m  [36m  {[0m

[36m----  Reader Error : Please see src/cljs/crud/ui.cljs  ----[0m
Compiling build :app to "public/js/app.js" from ["src" "env/dev/cljs"]...
[31mFailed to compile build :app from ["src" "env/dev/cljs"] in 0.348 seconds.[0m
[36m----  Could not Read  src/cljs/crud/ui.cljs   line:38 ----[0m

  [1m/home/vladimir/Documents/Work/HS_admission_task/crud/src/cljs/crud/ui.cljs [line 38, col 24] Unmatched delimiter ].[0m

  [36m36[0m  [36m      :name "gender"[0m
  [36m37[0m  [36m      :value "F"[0m
  [33m38[0m  [1m      }] "Female"]]][0m
  [0m  [0m  [33m      /home/vladimir/Documents/Work/HS_admission_task/crud/src/cljs/crud/ui.cljs [line 38, col 24] Unmatched delimiter ].[0m
  [36m39[0m  [36m[:p "Date of birth: "[0m
  [36m40[0m  [36m [:input[0m
  [36m41[0m  [36m  {[0m

[36m----  Reader Error : Please see src/cljs/crud/ui.cljs  ----[0m
Compiling build :app to "public/js/app.js" from ["src" "env/dev/cljs"]...
[31mFailed to compile build :app from ["src" "env/dev/cljs"] in 0.34 seconds.[0m
[36m----  Could not Read  src/cljs/crud/ui.cljs   line:38 ----[0m

  [1m/home/vladimir/Documents/Work/HS_admission_task/crud/src/cljs/crud/ui.cljs [line 38, col 24] Unmatched delimiter ].[0m

  [36m36[0m  [36m      :name "gender"[0m
  [36m37[0m  [36m      :value "F"[0m
  [33m38[0m  [1m      }] "Female"]]]]][0m
  [0m  [0m  [33m      /home/vladimir/Documents/Work/HS_admission_task/crud/src/cljs/crud/ui.cljs [line 38, col 24] Unmatched delimiter ].[0m
  [36m39[0m  [36m[:p "Date of birth: "[0m
  [36m40[0m  [36m [:input[0m
  [36m41[0m  [36m  {[0m

[36m----  Reader Error : Please see src/cljs/crud/ui.cljs  ----[0m
Compiling build :app to "public/js/app.js" from ["src" "env/dev/cljs"]...
[32mSuccessfully compiled build :app to "public/js/app.js" in 0.544 seconds.[0m
notifying browser that file changed:  public/js/out/crud/ui.js
Compiling build :app to "public/js/app.js" from ["src" "env/dev/cljs"]...
[32mSuccessfully compiled build :app to "public/js/app.js" in 0.509 seconds.[0m
notifying browser that file changed:  public/js/out/crud/router.js
Compiling build :app to "public/js/app.js" from ["src" "env/dev/cljs"]...
[32mSuccessfully compiled build :app to "public/js/app.js" in 0.568 seconds.[0m
notifying browser that file changed:  public/js/out/crud/router.js
Compiling build :app to "public/js/app.js" from ["src" "env/dev/cljs"]...
[32mSuccessfully compiled build :app to "public/js/app.js" in 0.553 seconds.[0m
notifying browser that file changed:  public/js/out/crud/core.js
Compiling build :app to "public/js/app.js" from ["src" "env/dev/cljs"]...
[32mSuccessfully compiled build :app to "public/js/app.js" in 0.546 seconds.[0m
notifying browser that file changed:  public/js/out/crud/router.js
Compiling build :app to "public/js/app.js" from ["src" "env/dev/cljs"]...
[32mSuccessfully compiled build :app to "public/js/app.js" in 0.774 seconds.[0m
notifying browser that file changed:  public/js/out/cljs_deps.js
notifying browser that file changed:  public/js/out/crud/router.js
Compiling build :app to "public/js/app.js" from ["src" "env/dev/cljs"]...
[32mSuccessfully compiled build :app to "public/js/app.js" in 0.524 seconds.[0m
notifying browser that file changed:  public/js/out/crud/router.js
Compiling build :app to "public/js/app.js" from ["src" "env/dev/cljs"]...
[32mSuccessfully compiled build :app to "public/js/app.js" in 0.526 seconds.[0m
notifying browser that file changed:  public/js/out/crud/router.js
Compiling build :app to "public/js/app.js" from ["src" "env/dev/cljs"]...
[31mFailed to compile build :app from ["src" "env/dev/cljs"] in 0.327 seconds.[0m
[36m----  Could not Analyze  src/cljs/crud/core.cljs  ----[0m

  [1mNo such namespace: reagent.session, could not locate reagent/session.cljs, reagent/session.cljc, or JavaScript source providing "reagent.session" [0m

[36m----  Analysis Error : Please see src/cljs/crud/core.cljs  ----[0m
Compiling build :app to "public/js/app.js" from ["src" "env/dev/cljs"]...
[31mFailed to compile build :app from ["src" "env/dev/cljs"] in 0.325 seconds.[0m
[36m----  Could not Analyze  src/cljs/crud/core.cljs  ----[0m

  [1mNo such namespace: reagent.session, could not locate reagent/session.cljs, reagent/session.cljc, or JavaScript source providing "reagent.session" [0m

[36m----  Analysis Error : Please see src/cljs/crud/core.cljs  ----[0m
Compiling build :app to "public/js/app.js" from ["src" "env/dev/cljs"]...
[32mSuccessfully compiled build :app to "public/js/app.js" in 0.685 seconds.[0m
notifying browser that file changed:  public/js/out/goog/deps.js
notifying browser that file changed:  public/js/out/cljs_deps.js
notifying browser that file changed:  public/js/out/crud/core.js
notifying browser that file changed:  public/js/out/crud/ui.js
Compiling build :app to "public/js/app.js" from ["src" "env/dev/cljs"]...
[32mSuccessfully compiled build :app to "public/js/app.js" in 0.607 seconds.[0m
notifying browser that file changed:  public/js/out/crud/core.js
Compiling build :app to "public/js/app.js" from ["src" "env/dev/cljs"]...
[32mSuccessfully compiled build :app to "public/js/app.js" in 0.661 seconds.[0m
notifying browser that file changed:  public/js/out/crud/core.js
Compiling build :app to "public/js/app.js" from ["src" "env/dev/cljs"]...
[31mFailed to compile build :app from ["src" "env/dev/cljs"] in 0.362 seconds.[0m
[36m----  Could not Analyze  src/cljs/crud/router.cljs   line:6  column:4  ----[0m

  [1mUnable to resolve var: create-user in this context at line 6 src/cljs/crud/router.cljs[0m

  [36m5[0m  [36m(def router[0m
  [33m6[0m  [1m   (reitit/router[0m
  [0m [0m  [33m   ^--- Unable to resolve var: create-user in this context at line 6 src/cljs/crud/router.cljs[0m
  [36m7[0m  [36m    ["/" #'ui/main-page][0m
  [36m8[0m  [36m    ["/patinet"[0m
  [36m9[0m  [36m     ["/create" #'ui/create-user]][0m

[36m----  Analysis Error : Please see src/cljs/crud/router.cljs  ----[0m
Compiling build :app to "public/js/app.js" from ["src" "env/dev/cljs"]...
[31mFailed to compile build :app from ["src" "env/dev/cljs"] in 0.403 seconds.[0m
[36m----  Could not Analyze  src/cljs/crud/router.cljs   line:6  column:4  ----[0m

  [1mUnable to resolve var: create-user in this context at line 6 src/cljs/crud/router.cljs[0m

  [36m5[0m  [36m(def router[0m
  [33m6[0m  [1m   (reitit/router[0m
  [0m [0m  [33m   ^--- Unable to resolve var: create-user in this context at line 6 src/cljs/crud/router.cljs[0m
  [36m7[0m  [36m    ["/" #'ui/main-page][0m
  [36m8[0m  [36m    ["/patinet"[0m
  [36m9[0m  [36m     ["/create" #'ui/create-user]][0m

[36m----  Analysis Error : Please see src/cljs/crud/router.cljs  ----[0m
Compiling build :app to "public/js/app.js" from ["src" "env/dev/cljs"]...
[31mFailed to compile build :app from ["src" "env/dev/cljs"] in 0.4 seconds.[0m
[36m----  Exception    ----[0m

  [1mAssert failed: file:/home/vladimir/Documents/Work/HS_admission_task/crud/src/cljs/crud/router.cljs does not provide a namespace
(first provides)[0m

[36m----  Exception Stack Trace  ----[0m

java.lang.AssertionError: Assert failed: file:/home/vladimir/Documents/Work/HS_admission_task/crud/src/cljs/crud/router.cljs does not provide a namespace
(first provides)
 at cljs.closure$javascript_file.invokeStatic (closure.clj:509)
    cljs.closure$javascript_file.invoke (closure.clj:505)
    cljs.closure$map__GT_javascript_file.invokeStatic (closure.clj:514)
    cljs.closure$map__GT_javascript_file.invoke (closure.clj:512)
    cljs.closure$compiled_file.invokeStatic (closure.clj:601)
    cljs.closure$compiled_file.invoke (closure.clj:593)
    cljs.closure$compile_file.invokeStatic (closure.clj:663)
    cljs.closure$compile_file.invoke (closure.clj:641)
    cljs.closure$fn__5400.invokeStatic (closure.clj:737)
    cljs.closure/fn (closure.clj:731)
    cljs.closure$fn__5313$G__5306__5320.invoke (closure.clj:559)
    cljs.closure$compile_sources$iter__5526__5530$fn__5531.invoke (closure.clj:1107)
    clojure.lang.LazySeq.sval (LazySeq.java:42)
    clojure.lang.LazySeq.seq (LazySeq.java:51)
    clojure.lang.Cons.next (Cons.java:39)
    clojure.lang.RT.next (RT.java:713)
    clojure.core$next__5386.invokeStatic (core.clj:64)
    clojure.core$dorun.invokeStatic (core.clj:3142)
    clojure.core$doall.invokeStatic (core.clj:3148)
    clojure.core$doall.invoke (core.clj:3148)
    cljs.closure$compile_sources.invokeStatic (closure.clj:1103)
    cljs.closure$compile_sources.invoke (closure.clj:1092)
    cljs.closure$build.invokeStatic (closure.clj:3132)
    cljs.closure$build.invoke (closure.clj:3040)
    cljs.build.api$build.invokeStatic (api.clj:227)
    cljs.build.api$build.invoke (api.clj:210)
    figwheel_sidecar.components.cljs_autobuild$cljs_build.invokeStatic (cljs_autobuild.clj:28)
    figwheel_sidecar.components.cljs_autobuild$cljs_build.invoke (cljs_autobuild.clj:27)
    figwheel_sidecar.build_middleware.injection$hook$fn__20186.invoke (injection.clj:100)
    figwheel_sidecar.components.cljs_autobuild$notify_command_hook$fn__20509.invoke (cljs_autobuild.clj:69)
    figwheel_sidecar.components.cljs_autobuild$figwheel_start_and_end_messages$fn__20499.invoke (cljs_autobuild.clj:48)
    figwheel_sidecar.build_middleware.notifications$hook$fn__20367.invoke (notifications.clj:179)
    figwheel_sidecar.build_middleware.clj_reloading$hook$fn__20424.invoke (clj_reloading.clj:111)
    figwheel_sidecar.build_middleware.javascript_reloading$hook$fn__20458.invoke (javascript_reloading.clj:48)
    figwheel_sidecar.components.cljs_autobuild$color_output$fn__20513.invoke (cljs_autobuild.clj:80)
    figwheel_sidecar.components.cljs_autobuild$execute_build$fn__20555.invoke (cljs_autobuild.clj:234)
    figwheel_sidecar.utils$sync_exec$fn__524$fn__525.invoke (utils.clj:13)
    figwheel_sidecar.utils$sync_exec$fn__524.invoke (utils.clj:12)
    clojure.core$binding_conveyor_fn$fn__5754.invoke (core.clj:2033)
    clojure.lang.AFn.applyToHelper (AFn.java:154)
    clojure.lang.RestFn.applyTo (RestFn.java:132)
    clojure.lang.Agent$Action.doRun (Agent.java:114)
    clojure.lang.Agent$Action.run (Agent.java:163)
    java.util.concurrent.ThreadPoolExecutor.runWorker (ThreadPoolExecutor.java:1128)
    java.util.concurrent.ThreadPoolExecutor$Worker.run (ThreadPoolExecutor.java:628)
    java.lang.Thread.run (Thread.java:834)

Compiling build :app to "public/js/app.js" from ["src" "env/dev/cljs"]...
[32mSuccessfully compiled build :app to "public/js/app.js" in 0.531 seconds.[0m
Compiling build :app to "public/js/app.js" from ["src" "env/dev/cljs"]...
[32mSuccessfully compiled build :app to "public/js/app.js" in 0.575 seconds.[0m
notifying browser that file changed:  public/js/out/cljs_deps.js
notifying browser that file changed:  public/js/out/crud/router.js
Compiling build :app to "public/js/app.js" from ["src" "env/dev/cljs"]...
[32mSuccessfully compiled build :app to "public/js/app.js" in 0.59 seconds.[0m
notifying browser that file changed:  public/js/out/crud/core.js
Compiling build :app to "public/js/app.js" from ["src" "env/dev/cljs"]...
[32mSuccessfully compiled build :app to "public/js/app.js" in 0.613 seconds.[0m
notifying browser that file changed:  public/js/out/crud/core.js
notifying browser that file changed:  public/js/out/crud/ui.js
Compiling build :app to "public/js/app.js" from ["src" "env/dev/cljs"]...
[32mSuccessfully compiled build :app to "public/js/app.js" in 0.57 seconds.[0m
notifying browser that file changed:  public/js/out/crud/core.js
Compiling build :app to "public/js/app.js" from ["src" "env/dev/cljs"]...
[36m----  Compiler Warning on   src/cljs/crud/ui.cljs   line:32  column:19  ----[0m

  [1mUse of undeclared Var crud.ui/users[0m

  [36m28[0m  [36m [:th {:class "text-left"} "Adress"][0m
  [36m29[0m  [36m [:th {:class "text-left"} "oms"][0m
  [36m30[0m  [36m [:th {:class "text-left"} "Delete"][0m
  [36m31[0m  [36m [:th {:class "text-left"} "Edit"]][0m
  [33m32[0m  [1m(for [user users][0m
  [0m  [0m  [33m           ^--- Use of undeclared Var crud.ui/users[0m
  [36m33[0m  [36m  [:tr {:class "text-left"}[0m
  [36m34[0m  [36m   [:td {:class "text-left"} (:firstname user)][0m
  [36m35[0m  [36m   [:td {:class "text-left"} (:gender user)][0m
  [36m36[0m  [36m   [:td {:class "text-left"} (:bday user)][0m
  [36m37[0m  [36m   [:td {:class "text-left"} (:adress user)][0m

[36m----  Compiler Warning : Please see src/cljs/crud/ui.cljs  ----[0m
[32mSuccessfully compiled build :app to "public/js/app.js" in 0.647 seconds.[0m
notifying browser that file changed:  public/js/out/cljs_deps.js
notifying browser that file changed:  public/js/out/crud/ui.js
Compiling build :app to "public/js/app.js" from ["src" "env/dev/cljs"]...
[32mSuccessfully compiled build :app to "public/js/app.js" in 0.613 seconds.[0m
notifying browser that file changed:  public/js/out/crud/ui.js
Compiling build :app to "public/js/app.js" from ["src" "env/dev/cljs"]...
[32mSuccessfully compiled build :app to "public/js/app.js" in 0.591 seconds.[0m
notifying browser that file changed:  public/js/out/cljs_deps.js
notifying browser that file changed:  public/js/out/crud/ui.js
